<?xml version="1.0" encoding="UTF-8"?>
<!-- Generated by org.testng.reporters.JUnitReportReporter -->
<testsuite hostname="ALBIN-HTIC" failures="0" tests="3" name="gfa.Testcases.Outright" time="19.976" errors="0" timestamp="2025-11-05T11:16:06 IST" skipped="0">
  <testcase classname="gfa.Testcases.Outright" name="goTo_CRM" time="10.231"/>
  <testcase classname="gfa.Testcases.Outright" name="create_lead" time="5.320"/>
  <testcase classname="gfa.Testcases.Outright" name="createOutrightlead" time="4.425"/>
</testsuite> <!-- gfa.Testcases.Outright -->
